#
# There is insufficient memory for the Java Runtime Environment to continue.
# Native memory allocation (malloc) failed to allocate 32744 bytes for ChunkPool::allocate
# Possible reasons:
#   The system is out of physical RAM or swap space
#   The process is running with CompressedOops enabled, and the Java Heap may be blocking the growth of the native heap
# Possible solutions:
#   Reduce memory load on the system
#   Increase physical memory or swap space
#   Check if swap backing store is full
#   Decrease Java heap size (-Xmx/-Xms)
#   Decrease number of Java threads
#   Decrease Java thread stack sizes (-Xss)
#   Set larger code cache with -XX:ReservedCodeCacheSize=
#   JVM is running with Zero Based Compressed Oops mode in which the Java heap is
#     placed in the first 32GB address space. The Java Heap base address is the
#     maximum limit for the native heap growth. Please use -XX:HeapBaseMinAddress
#     to set the Java Heap base and to place the Java Heap above 32GB virtual address.
# This output file may be truncated or incomplete.
#
#  Out of Memory Error (arena.cpp:78), pid=42256, tid=34956
#
# JRE version: Java(TM) SE Runtime Environment (17.0.6+9) (build 17.0.6+9-LTS-190)
# Java VM: Java HotSpot(TM) 64-Bit Server VM (17.0.6+9-LTS-190, mixed mode, sharing, tiered, compressed oops, compressed class ptrs, g1 gc, windows-amd64)
# No core dump will be written. Minidumps are not enabled by default on client versions of Windows
#

---------------  S U M M A R Y ------------

Command Line: C:\Users\vinac\AppData\Local\Temp\surefire14686775076750278616\surefirebooter15088200144972480083.jar C:\Users\vinac\AppData\Local\Temp\surefire14686775076750278616 2023-05-15T19-43-41_650-jvmRun1 surefire5318384312143247788tmp surefire_05997049934831511842tmp

Host: Intel(R) Core(TM) i5-1035G1 CPU @ 1.00GHz, 8 cores, 15G,  Windows 11 , 64 bit Build 22621 (10.0.22621.1635)
Time: Mon May 15 19:43:54 2023 Hora est. Sudamérica Pacífico elapsed time: 12.627523 seconds (0d 0h 0m 12s)

---------------  T H R E A D  ---------------

Current thread (0x000001d7ff831590):  JavaThread "C1 CompilerThread0" daemon [_thread_in_native, id=34956, stack(0x000000a70b200000,0x000000a70b300000)]


Current CompileTask:
C1:  12627 2046       3       java.util.Optional::map (30 bytes)

Stack: [0x000000a70b200000,0x000000a70b300000]
Native frames: (J=compiled Java code, j=interpreted, Vv=VM code, C=native code)
V  [jvm.dll+0x6734ea]
V  [jvm.dll+0x7d18f4]
V  [jvm.dll+0x7d309e]
V  [jvm.dll+0x7d3703]
V  [jvm.dll+0x2433c5]
V  [jvm.dll+0xaa6c0]
V  [jvm.dll+0xaaa0c]
V  [jvm.dll+0x15ace0]
V  [jvm.dll+0x1672b9]
V  [jvm.dll+0x161472]
V  [jvm.dll+0x15b8fe]
V  [jvm.dll+0x149b40]
V  [jvm.dll+0x132c97]
V  [jvm.dll+0x13262f]
V  [jvm.dll+0x132868]
V  [jvm.dll+0x131d01]
V  [jvm.dll+0x1339ad]
V  [jvm.dll+0x224b6e]
V  [jvm.dll+0x222f15]
V  [jvm.dll+0x78753c]
V  [jvm.dll+0x781a7a]
V  [jvm.dll+0x672375]
C  [ucrtbase.dll+0x29363]
C  [KERNEL32.DLL+0x126ad]
C  [ntdll.dll+0x5a9f8]


---------------  P R O C E S S  ---------------

Threads class SMR info:
_java_thread_list=0x000001d7936263b0, length=29, elements={
0x000001d7eef61d40, 0x000001d7ff8070c0, 0x000001d7ff807c70, 0x000001d7ff818ca0,
0x000001d7ff81b670, 0x000001d7ff81c230, 0x000001d7ff81cbe0, 0x000001d7ff81fd90,
0x000001d7ff831590, 0x000001d7ff832ea0, 0x000001d7ff966550, 0x000001d7ff96d290,
0x000001d7ff9c4ec0, 0x000001d7ffaec2f0, 0x000001d793986ae0, 0x000001d79360bd60,
0x000001d79362bc20, 0x000001d793900410, 0x000001d7938fe730, 0x000001d7938fe260,
0x000001d7938fdd90, 0x000001d7938fec00, 0x000001d7939008e0, 0x000001d7938ffa70,
0x000001d7938ff5a0, 0x000001d7938ff0d0, 0x000001d793900db0, 0x000001d793901280,
0x000001d7938fff40
}

Java Threads: ( => current thread )
  0x000001d7eef61d40 JavaThread "Forwarding sendKeysToElement on session 636aaded87b289fac155b94579895cfb to remote" [_thread_in_native, id=43504, stack(0x000000a70a400000,0x000000a70a500000)]
  0x000001d7ff8070c0 JavaThread "Reference Handler" daemon [_thread_blocked, id=39800, stack(0x000000a70ab00000,0x000000a70ac00000)]
  0x000001d7ff807c70 JavaThread "Finalizer" daemon [_thread_blocked, id=55124, stack(0x000000a70ac00000,0x000000a70ad00000)]
  0x000001d7ff818ca0 JavaThread "Signal Dispatcher" daemon [_thread_blocked, id=39944, stack(0x000000a70ad00000,0x000000a70ae00000)]
  0x000001d7ff81b670 JavaThread "Attach Listener" daemon [_thread_blocked, id=50492, stack(0x000000a70ae00000,0x000000a70af00000)]
  0x000001d7ff81c230 JavaThread "Service Thread" daemon [_thread_blocked, id=21976, stack(0x000000a70af00000,0x000000a70b000000)]
  0x000001d7ff81cbe0 JavaThread "Monitor Deflation Thread" daemon [_thread_blocked, id=62316, stack(0x000000a70b000000,0x000000a70b100000)]
  0x000001d7ff81fd90 JavaThread "C2 CompilerThread0" daemon [_thread_blocked, id=46316, stack(0x000000a70b100000,0x000000a70b200000)]
=>0x000001d7ff831590 JavaThread "C1 CompilerThread0" daemon [_thread_in_native, id=34956, stack(0x000000a70b200000,0x000000a70b300000)]
  0x000001d7ff832ea0 JavaThread "Sweeper thread" daemon [_thread_blocked, id=51852, stack(0x000000a70b300000,0x000000a70b400000)]
  0x000001d7ff966550 JavaThread "Notification Thread" daemon [_thread_blocked, id=36892, stack(0x000000a70b400000,0x000000a70b500000)]
  0x000001d7ff96d290 JavaThread "Common-Cleaner" daemon [_thread_blocked, id=28696, stack(0x000000a70b600000,0x000000a70b700000)]
  0x000001d7ff9c4ec0 JavaThread "surefire-forkedjvm-command-thread" daemon [_thread_in_native, id=62192, stack(0x000000a70b700000,0x000000a70b800000)]
  0x000001d7ffaec2f0 JavaThread "surefire-forkedjvm-ping-30s" daemon [_thread_blocked, id=16132, stack(0x000000a70b800000,0x000000a70b900000)]
  0x000001d793986ae0 JavaThread "Exec Default Executor" daemon [_thread_in_native, id=34832, stack(0x000000a70c300000,0x000000a70c400000)]
  0x000001d79360bd60 JavaThread "UrlChecker-2" daemon [_thread_blocked, id=47404, stack(0x000000a70c400000,0x000000a70c500000)]
  0x000001d79362bc20 JavaThread "Exec Stream Pumper" daemon [_thread_in_native, id=29336, stack(0x000000a70c500000,0x000000a70c600000)]
  0x000001d793900410 JavaThread "Exec Stream Pumper" daemon [_thread_in_native, id=30636, stack(0x000000a70c600000,0x000000a70c700000)]
  0x000001d7938fe730 JavaThread "OkHttp ConnectionPool" daemon [_thread_blocked, id=57328, stack(0x000000a70c800000,0x000000a70c900000)]
  0x000001d7938fe260 JavaThread "Okio Watchdog" daemon [_thread_blocked, id=53900, stack(0x000000a70c900000,0x000000a70ca00000)]
  0x000001d7938fdd90 JavaThread "Exec Default Executor" daemon [_thread_in_native, id=35396, stack(0x000000a70b900000,0x000000a70ba00000)]
  0x000001d7938fec00 JavaThread "Exec Stream Pumper" daemon [_thread_in_native, id=19140, stack(0x000000a70ca00000,0x000000a70cb00000)]
  0x000001d7939008e0 JavaThread "Exec Stream Pumper" daemon [_thread_in_native, id=48796, stack(0x000000a70cb00000,0x000000a70cc00000)]
  0x000001d7938ffa70 JavaThread "Exec Default Executor" daemon [_thread_in_native, id=39832, stack(0x000000a70cc00000,0x000000a70cd00000)]
  0x000001d7938ff5a0 JavaThread "Exec Stream Pumper" daemon [_thread_in_native, id=35552, stack(0x000000a70cd00000,0x000000a70ce00000)]
  0x000001d7938ff0d0 JavaThread "Exec Stream Pumper" daemon [_thread_in_native, id=33432, stack(0x000000a70ce00000,0x000000a70cf00000)]
  0x000001d793900db0 JavaThread "Exec Default Executor" daemon [_thread_in_native, id=25260, stack(0x000000a70cf00000,0x000000a70d000000)]
  0x000001d793901280 JavaThread "Exec Stream Pumper" daemon [_thread_in_native, id=41172, stack(0x000000a70d000000,0x000000a70d100000)]
  0x000001d7938fff40 JavaThread "Exec Stream Pumper" daemon [_thread_in_native, id=27824, stack(0x000000a70d100000,0x000000a70d200000)]

Other Threads:
  0x000001d7fe827520 VMThread "VM Thread" [stack: 0x000000a70aa00000,0x000000a70ab00000] [id=46548]
  0x000001d7ff96ce50 WatcherThread [stack: 0x000000a70b500000,0x000000a70b600000] [id=14792]
  0x000001d7eefcf9b0 GCTaskThread "GC Thread#0" [stack: 0x000000a70a500000,0x000000a70a600000] [id=56684]
  0x000001d793965230 GCTaskThread "GC Thread#1" [stack: 0x000000a70bb00000,0x000000a70bc00000] [id=43388]
  0x000001d793597020 GCTaskThread "GC Thread#2" [stack: 0x000000a70bc00000,0x000000a70bd00000] [id=55812]
  0x000001d7935972d0 GCTaskThread "GC Thread#3" [stack: 0x000000a70bd00000,0x000000a70be00000] [id=23984]
  0x000001d793597580 GCTaskThread "GC Thread#4" [stack: 0x000000a70be00000,0x000000a70bf00000] [id=9488]
  0x000001d793597830 GCTaskThread "GC Thread#5" [stack: 0x000000a70bf00000,0x000000a70c000000] [id=55468]
  0x000001d793925860 GCTaskThread "GC Thread#6" [stack: 0x000000a70c000000,0x000000a70c100000] [id=17960]
  0x000001d79375fcc0 GCTaskThread "GC Thread#7" [stack: 0x000000a70c100000,0x000000a70c200000] [id=19084]
  0x000001d7eefe0660 ConcurrentGCThread "G1 Main Marker" [stack: 0x000000a70a600000,0x000000a70a700000] [id=48512]
  0x000001d7eefe1f20 ConcurrentGCThread "G1 Conc#0" [stack: 0x000000a70a700000,0x000000a70a800000] [id=29028]
  0x000001d7fe6e1c70 ConcurrentGCThread "G1 Refine#0" [stack: 0x000000a70a800000,0x000000a70a900000] [id=35488]
  0x000001d7935c1470 ConcurrentGCThread "G1 Refine#1" [stack: 0x000000a70c200000,0x000000a70c300000] [id=56792]
  0x000001d7fe6e2530 ConcurrentGCThread "G1 Service" [stack: 0x000000a70a900000,0x000000a70aa00000] [id=21304]

Threads with active compile tasks:
C1 CompilerThread0    12659 2046       3       java.util.Optional::map (30 bytes)

VM state: not at safepoint (normal execution)

VM Mutex/Monitor currently owned by a thread: None

Heap address: 0x0000000703e00000, size: 4034 MB, Compressed Oops mode: Zero based, Oop shift amount: 3

CDS archive(s) mapped at: [0x0000000800000000-0x0000000800bd0000-0x0000000800bd0000), size 12386304, SharedBaseAddress: 0x0000000800000000, ArchiveRelocationMode: 0.
Compressed class space mapped at: 0x0000000800c00000-0x0000000840c00000, reserved size: 1073741824
Narrow klass base: 0x0000000800000000, Narrow klass shift: 0, Narrow klass range: 0x100000000

GC Precious Log:
 CPUs: 8 total, 8 available
 Memory: 16130M
 Large Page Support: Disabled
 NUMA Support: Disabled
 Compressed Oops: Enabled (Zero based)
 Heap Region Size: 2M
 Heap Min Capacity: 8M
 Heap Initial Capacity: 254M
 Heap Max Capacity: 4034M
 Pre-touch: Disabled
 Parallel Workers: 8
 Concurrent Workers: 2
 Concurrent Refinement Workers: 8
 Periodic GC: Disabled

Heap:
 garbage-first heap   total 260096K, used 7583K [0x0000000703e00000, 0x0000000800000000)
  region size 2048K, 2 young (4096K), 1 survivors (2048K)
 Metaspace       used 12834K, committed 13056K, reserved 1064960K
  class space    used 1521K, committed 1600K, reserved 1048576K

Heap Regions: E=young(eden), S=young(survivor), O=old, HS=humongous(starts), HC=humongous(continues), CS=collection set, F=free, OA=open archive, CA=closed archive, TAMS=top-at-mark-start (previous, next)
|   0|0x0000000703e00000, 0x0000000704000000, 0x0000000704000000|100%| O|  |TAMS 0x0000000703e00000, 0x0000000703e00000| Untracked 
|   1|0x0000000704000000, 0x0000000704200000, 0x0000000704200000|100%| O|  |TAMS 0x0000000704000000, 0x0000000704000000| Untracked 
|   2|0x0000000704200000, 0x000000070438a600, 0x0000000704400000| 77%| O|  |TAMS 0x0000000704200000, 0x0000000704200000| Untracked 
|   3|0x0000000704400000, 0x0000000704400000, 0x0000000704600000|  0%| F|  |TAMS 0x0000000704400000, 0x0000000704400000| Untracked 
|   4|0x0000000704600000, 0x0000000704600000, 0x0000000704800000|  0%| F|  |TAMS 0x0000000704600000, 0x0000000704600000| Untracked 
|   5|0x0000000704800000, 0x0000000704800000, 0x0000000704a00000|  0%| F|  |TAMS 0x0000000704800000, 0x0000000704800000| Untracked 
|   6|0x0000000704a00000, 0x0000000704a00000, 0x0000000704c00000|  0%| F|  |TAMS 0x0000000704a00000, 0x0000000704a00000| Untracked 
|   7|0x0000000704c00000, 0x0000000704c00000, 0x0000000704e00000|  0%| F|  |TAMS 0x0000000704c00000, 0x0000000704c00000| Untracked 
|   8|0x0000000704e00000, 0x0000000704e00000, 0x0000000705000000|  0%| F|  |TAMS 0x0000000704e00000, 0x0000000704e00000| Untracked 
|   9|0x0000000705000000, 0x0000000705000000, 0x0000000705200000|  0%| F|  |TAMS 0x0000000705000000, 0x0000000705000000| Untracked 
|  10|0x0000000705200000, 0x0000000705200000, 0x0000000705400000|  0%| F|  |TAMS 0x0000000705200000, 0x0000000705200000| Untracked 
|  11|0x0000000705400000, 0x0000000705400000, 0x0000000705600000|  0%| F|  |TAMS 0x0000000705400000, 0x0000000705400000| Untracked 
|  12|0x0000000705600000, 0x0000000705600000, 0x0000000705800000|  0%| F|  |TAMS 0x0000000705600000, 0x0000000705600000| Untracked 
|  13|0x0000000705800000, 0x0000000705800000, 0x0000000705a00000|  0%| F|  |TAMS 0x0000000705800000, 0x0000000705800000| Untracked 
|  14|0x0000000705a00000, 0x0000000705a00000, 0x0000000705c00000|  0%| F|  |TAMS 0x0000000705a00000, 0x0000000705a00000| Untracked 
|  15|0x0000000705c00000, 0x0000000705c00000, 0x0000000705e00000|  0%| F|  |TAMS 0x0000000705c00000, 0x0000000705c00000| Untracked 
|  16|0x0000000705e00000, 0x0000000705e00000, 0x0000000706000000|  0%| F|  |TAMS 0x0000000705e00000, 0x0000000705e00000| Untracked 
|  17|0x0000000706000000, 0x0000000706000000, 0x0000000706200000|  0%| F|  |TAMS 0x0000000706000000, 0x0000000706000000| Untracked 
|  18|0x0000000706200000, 0x0000000706200000, 0x0000000706400000|  0%| F|  |TAMS 0x0000000706200000, 0x0000000706200000| Untracked 
|  19|0x0000000706400000, 0x0000000706400000, 0x0000000706600000|  0%| F|  |TAMS 0x0000000706400000, 0x0000000706400000| Untracked 
|  20|0x0000000706600000, 0x0000000706600000, 0x0000000706800000|  0%| F|  |TAMS 0x0000000706600000, 0x0000000706600000| Untracked 
|  21|0x0000000706800000, 0x0000000706800000, 0x0000000706a00000|  0%| F|  |TAMS 0x0000000706800000, 0x0000000706800000| Untracked 
|  22|0x0000000706a00000, 0x0000000706a00000, 0x0000000706c00000|  0%| F|  |TAMS 0x0000000706a00000, 0x0000000706a00000| Untracked 
|  23|0x0000000706c00000, 0x0000000706c00000, 0x0000000706e00000|  0%| F|  |TAMS 0x0000000706c00000, 0x0000000706c00000| Untracked 
|  24|0x0000000706e00000, 0x0000000706e00000, 0x0000000707000000|  0%| F|  |TAMS 0x0000000706e00000, 0x0000000706e00000| Untracked 
|  25|0x0000000707000000, 0x0000000707000000, 0x0000000707200000|  0%| F|  |TAMS 0x0000000707000000, 0x0000000707000000| Untracked 
|  26|0x0000000707200000, 0x0000000707200000, 0x0000000707400000|  0%| F|  |TAMS 0x0000000707200000, 0x0000000707200000| Untracked 
|  27|0x0000000707400000, 0x0000000707400000, 0x0000000707600000|  0%| F|  |TAMS 0x0000000707400000, 0x0000000707400000| Untracked 
|  28|0x0000000707600000, 0x0000000707600000, 0x0000000707800000|  0%| F|  |TAMS 0x0000000707600000, 0x0000000707600000| Untracked 
|  29|0x0000000707800000, 0x0000000707800000, 0x0000000707a00000|  0%| F|  |TAMS 0x0000000707800000, 0x0000000707800000| Untracked 
|  30|0x0000000707a00000, 0x0000000707a00000, 0x0000000707c00000|  0%| F|  |TAMS 0x0000000707a00000, 0x0000000707a00000| Untracked 
|  31|0x0000000707c00000, 0x0000000707c00000, 0x0000000707e00000|  0%| F|  |TAMS 0x0000000707c00000, 0x0000000707c00000| Untracked 
|  32|0x0000000707e00000, 0x0000000707e00000, 0x0000000708000000|  0%| F|  |TAMS 0x0000000707e00000, 0x0000000707e00000| Untracked 
|  33|0x0000000708000000, 0x0000000708000000, 0x0000000708200000|  0%| F|  |TAMS 0x0000000708000000, 0x0000000708000000| Untracked 
|  34|0x0000000708200000, 0x0000000708200000, 0x0000000708400000|  0%| F|  |TAMS 0x0000000708200000, 0x0000000708200000| Untracked 
|  35|0x0000000708400000, 0x0000000708400000, 0x0000000708600000|  0%| F|  |TAMS 0x0000000708400000, 0x0000000708400000| Untracked 
|  36|0x0000000708600000, 0x0000000708600000, 0x0000000708800000|  0%| F|  |TAMS 0x0000000708600000, 0x0000000708600000| Untracked 
|  37|0x0000000708800000, 0x0000000708800000, 0x0000000708a00000|  0%| F|  |TAMS 0x0000000708800000, 0x0000000708800000| Untracked 
|  38|0x0000000708a00000, 0x0000000708a00000, 0x0000000708c00000|  0%| F|  |TAMS 0x0000000708a00000, 0x0000000708a00000| Untracked 
|  39|0x0000000708c00000, 0x0000000708c00000, 0x0000000708e00000|  0%| F|  |TAMS 0x0000000708c00000, 0x0000000708c00000| Untracked 
|  40|0x0000000708e00000, 0x0000000708e00000, 0x0000000709000000|  0%| F|  |TAMS 0x0000000708e00000, 0x0000000708e00000| Untracked 
|  41|0x0000000709000000, 0x0000000709000000, 0x0000000709200000|  0%| F|  |TAMS 0x0000000709000000, 0x0000000709000000| Untracked 
|  42|0x0000000709200000, 0x0000000709200000, 0x0000000709400000|  0%| F|  |TAMS 0x0000000709200000, 0x0000000709200000| Untracked 
|  43|0x0000000709400000, 0x0000000709400000, 0x0000000709600000|  0%| F|  |TAMS 0x0000000709400000, 0x0000000709400000| Untracked 
|  44|0x0000000709600000, 0x0000000709600000, 0x0000000709800000|  0%| F|  |TAMS 0x0000000709600000, 0x0000000709600000| Untracked 
|  45|0x0000000709800000, 0x0000000709800000, 0x0000000709a00000|  0%| F|  |TAMS 0x0000000709800000, 0x0000000709800000| Untracked 
|  46|0x0000000709a00000, 0x0000000709a00000, 0x0000000709c00000|  0%| F|  |TAMS 0x0000000709a00000, 0x0000000709a00000| Untracked 
|  47|0x0000000709c00000, 0x0000000709c00000, 0x0000000709e00000|  0%| F|  |TAMS 0x0000000709c00000, 0x0000000709c00000| Untracked 
|  48|0x0000000709e00000, 0x0000000709e00000, 0x000000070a000000|  0%| F|  |TAMS 0x0000000709e00000, 0x0000000709e00000| Untracked 
|  49|0x000000070a000000, 0x000000070a000000, 0x000000070a200000|  0%| F|  |TAMS 0x000000070a000000, 0x000000070a000000| Untracked 
|  50|0x000000070a200000, 0x000000070a200000, 0x000000070a400000|  0%| F|  |TAMS 0x000000070a200000, 0x000000070a200000| Untracked 
|  51|0x000000070a400000, 0x000000070a400000, 0x000000070a600000|  0%| F|  |TAMS 0x000000070a400000, 0x000000070a400000| Untracked 
|  52|0x000000070a600000, 0x000000070a600000, 0x000000070a800000|  0%| F|  |TAMS 0x000000070a600000, 0x000000070a600000| Untracked 
|  53|0x000000070a800000, 0x000000070a800000, 0x000000070aa00000|  0%| F|  |TAMS 0x000000070a800000, 0x000000070a800000| Untracked 
|  54|0x000000070aa00000, 0x000000070aa00000, 0x000000070ac00000|  0%| F|  |TAMS 0x000000070aa00000, 0x000000070aa00000| Untracked 
|  55|0x000000070ac00000, 0x000000070ac00000, 0x000000070ae00000|  0%| F|  |TAMS 0x000000070ac00000, 0x000000070ac00000| Untracked 
|  56|0x000000070ae00000, 0x000000070ae00000, 0x000000070b000000|  0%| F|  |TAMS 0x000000070ae00000, 0x000000070ae00000| Untracked 
|  57|0x000000070b000000, 0x000000070b000000, 0x000000070b200000|  0%| F|  |TAMS 0x000000070b000000, 0x000000070b000000| Untracked 
|  58|0x000000070b200000, 0x000000070b200000, 0x000000070b400000|  0%| F|  |TAMS 0x000000070b200000, 0x000000070b200000| Untracked 
|  59|0x000000070b400000, 0x000000070b400000, 0x000000070b600000|  0%| F|  |TAMS 0x000000070b400000, 0x000000070b400000| Untracked 
|  60|0x000000070b600000, 0x000000070b600000, 0x000000070b800000|  0%| F|  |TAMS 0x000000070b600000, 0x000000070b600000| Untracked 
|  61|0x000000070b800000, 0x000000070b800000, 0x000000070ba00000|  0%| F|  |TAMS 0x000000070b800000, 0x000000070b800000| Untracked 
|  62|0x000000070ba00000, 0x000000070ba00000, 0x000000070bc00000|  0%| F|  |TAMS 0x000000070ba00000, 0x000000070ba00000| Untracked 
|  63|0x000000070bc00000, 0x000000070bc00000, 0x000000070be00000|  0%| F|  |TAMS 0x000000070bc00000, 0x000000070bc00000| Untracked 
|  64|0x000000070be00000, 0x000000070be00000, 0x000000070c000000|  0%| F|  |TAMS 0x000000070be00000, 0x000000070be00000| Untracked 
|  65|0x000000070c000000, 0x000000070c000000, 0x000000070c200000|  0%| F|  |TAMS 0x000000070c000000, 0x000000070c000000| Untracked 
|  66|0x000000070c200000, 0x000000070c200000, 0x000000070c400000|  0%| F|  |TAMS 0x000000070c200000, 0x000000070c200000| Untracked 
|  67|0x000000070c400000, 0x000000070c400000, 0x000000070c600000|  0%| F|  |TAMS 0x000000070c400000, 0x000000070c400000| Untracked 
|  68|0x000000070c600000, 0x000000070c600000, 0x000000070c800000|  0%| F|  |TAMS 0x000000070c600000, 0x000000070c600000| Untracked 
|  69|0x000000070c800000, 0x000000070c800000, 0x000000070ca00000|  0%| F|  |TAMS 0x000000070c800000, 0x000000070c800000| Untracked 
|  70|0x000000070ca00000, 0x000000070ca00000, 0x000000070cc00000|  0%| F|  |TAMS 0x000000070ca00000, 0x000000070ca00000| Untracked 
|  71|0x000000070cc00000, 0x000000070cc00000, 0x000000070ce00000|  0%| F|  |TAMS 0x000000070cc00000, 0x000000070cc00000| Untracked 
|  72|0x000000070ce00000, 0x000000070ce00000, 0x000000070d000000|  0%| F|  |TAMS 0x000000070ce00000, 0x000000070ce00000| Untracked 
|  73|0x000000070d000000, 0x000000070d000000, 0x000000070d200000|  0%| F|  |TAMS 0x000000070d000000, 0x000000070d000000| Untracked 
|  74|0x000000070d200000, 0x000000070d200000, 0x000000070d400000|  0%| F|  |TAMS 0x000000070d200000, 0x000000070d200000| Untracked 
|  75|0x000000070d400000, 0x000000070d400000, 0x000000070d600000|  0%| F|  |TAMS 0x000000070d400000, 0x000000070d400000| Untracked 
|  76|0x000000070d600000, 0x000000070d600000, 0x000000070d800000|  0%| F|  |TAMS 0x000000070d600000, 0x000000070d600000| Untracked 
|  77|0x000000070d800000, 0x000000070d800000, 0x000000070da00000|  0%| F|  |TAMS 0x000000070d800000, 0x000000070d800000| Untracked 
|  78|0x000000070da00000, 0x000000070da00000, 0x000000070dc00000|  0%| F|  |TAMS 0x000000070da00000, 0x000000070da00000| Untracked 
|  79|0x000000070dc00000, 0x000000070dc00000, 0x000000070de00000|  0%| F|  |TAMS 0x000000070dc00000, 0x000000070dc00000| Untracked 
|  80|0x000000070de00000, 0x000000070de00000, 0x000000070e000000|  0%| F|  |TAMS 0x000000070de00000, 0x000000070de00000| Untracked 
|  81|0x000000070e000000, 0x000000070e000000, 0x000000070e200000|  0%| F|  |TAMS 0x000000070e000000, 0x000000070e000000| Untracked 
|  82|0x000000070e200000, 0x000000070e200000, 0x000000070e400000|  0%| F|  |TAMS 0x000000070e200000, 0x000000070e200000| Untracked 
|  83|0x000000070e400000, 0x000000070e400000, 0x000000070e600000|  0%| F|  |TAMS 0x000000070e400000, 0x000000070e400000| Untracked 
|  84|0x000000070e600000, 0x000000070e600000, 0x000000070e800000|  0%| F|  |TAMS 0x000000070e600000, 0x000000070e600000| Untracked 
|  85|0x000000070e800000, 0x000000070e800000, 0x000000070ea00000|  0%| F|  |TAMS 0x000000070e800000, 0x000000070e800000| Untracked 
|  86|0x000000070ea00000, 0x000000070ea00000, 0x000000070ec00000|  0%| F|  |TAMS 0x000000070ea00000, 0x000000070ea00000| Untracked 
|  87|0x000000070ec00000, 0x000000070ec00000, 0x000000070ee00000|  0%| F|  |TAMS 0x000000070ec00000, 0x000000070ec00000| Untracked 
|  88|0x000000070ee00000, 0x000000070ee00000, 0x000000070f000000|  0%| F|  |TAMS 0x000000070ee00000, 0x000000070ee00000| Untracked 
|  89|0x000000070f000000, 0x000000070f000000, 0x000000070f200000|  0%| F|  |TAMS 0x000000070f000000, 0x000000070f000000| Untracked 
|  90|0x000000070f200000, 0x000000070f200000, 0x000000070f400000|  0%| F|  |TAMS 0x000000070f200000, 0x000000070f200000| Untracked 
|  91|0x000000070f400000, 0x000000070f400000, 0x000000070f600000|  0%| F|  |TAMS 0x000000070f400000, 0x000000070f400000| Untracked 
|  92|0x000000070f600000, 0x000000070f600000, 0x000000070f800000|  0%| F|  |TAMS 0x000000070f600000, 0x000000070f600000| Untracked 
|  93|0x000000070f800000, 0x000000070f800000, 0x000000070fa00000|  0%| F|  |TAMS 0x000000070f800000, 0x000000070f800000| Untracked 
|  94|0x000000070fa00000, 0x000000070fa00000, 0x000000070fc00000|  0%| F|  |TAMS 0x000000070fa00000, 0x000000070fa00000| Untracked 
|  95|0x000000070fc00000, 0x000000070fc00000, 0x000000070fe00000|  0%| F|  |TAMS 0x000000070fc00000, 0x000000070fc00000| Untracked 
|  96|0x000000070fe00000, 0x000000070fe00000, 0x0000000710000000|  0%| F|  |TAMS 0x000000070fe00000, 0x000000070fe00000| Untracked 
|  97|0x0000000710000000, 0x0000000710000000, 0x0000000710200000|  0%| F|  |TAMS 0x0000000710000000, 0x0000000710000000| Untracked 
|  98|0x0000000710200000, 0x0000000710200000, 0x0000000710400000|  0%| F|  |TAMS 0x0000000710200000, 0x0000000710200000| Untracked 
|  99|0x0000000710400000, 0x0000000710400000, 0x0000000710600000|  0%| F|  |TAMS 0x0000000710400000, 0x0000000710400000| Untracked 
| 100|0x0000000710600000, 0x0000000710600000, 0x0000000710800000|  0%| F|  |TAMS 0x0000000710600000, 0x0000000710600000| Untracked 
| 101|0x0000000710800000, 0x0000000710800000, 0x0000000710a00000|  0%| F|  |TAMS 0x0000000710800000, 0x0000000710800000| Untracked 
| 102|0x0000000710a00000, 0x0000000710a00000, 0x0000000710c00000|  0%| F|  |TAMS 0x0000000710a00000, 0x0000000710a00000| Untracked 
| 103|0x0000000710c00000, 0x0000000710c00000, 0x0000000710e00000|  0%| F|  |TAMS 0x0000000710c00000, 0x0000000710c00000| Untracked 
| 104|0x0000000710e00000, 0x0000000710e00000, 0x0000000711000000|  0%| F|  |TAMS 0x0000000710e00000, 0x0000000710e00000| Untracked 
| 105|0x0000000711000000, 0x0000000711000000, 0x0000000711200000|  0%| F|  |TAMS 0x0000000711000000, 0x0000000711000000| Untracked 
| 106|0x0000000711200000, 0x0000000711200000, 0x0000000711400000|  0%| F|  |TAMS 0x0000000711200000, 0x0000000711200000| Untracked 
| 107|0x0000000711400000, 0x0000000711400000, 0x0000000711600000|  0%| F|  |TAMS 0x0000000711400000, 0x0000000711400000| Untracked 
| 108|0x0000000711600000, 0x0000000711600000, 0x0000000711800000|  0%| F|  |TAMS 0x0000000711600000, 0x0000000711600000| Untracked 
| 109|0x0000000711800000, 0x0000000711800000, 0x0000000711a00000|  0%| F|  |TAMS 0x0000000711800000, 0x0000000711800000| Untracked 
| 110|0x0000000711a00000, 0x0000000711a00000, 0x0000000711c00000|  0%| F|  |TAMS 0x0000000711a00000, 0x0000000711a00000| Untracked 
| 111|0x0000000711c00000, 0x0000000711c00000, 0x0000000711e00000|  0%| F|  |TAMS 0x0000000711c00000, 0x0000000711c00000| Untracked 
| 112|0x0000000711e00000, 0x0000000711e00000, 0x0000000712000000|  0%| F|  |TAMS 0x0000000711e00000, 0x0000000711e00000| Untracked 
| 113|0x0000000712000000, 0x0000000712000000, 0x0000000712200000|  0%| F|  |TAMS 0x0000000712000000, 0x0000000712000000| Untracked 
| 114|0x0000000712200000, 0x0000000712200000, 0x0000000712400000|  0%| F|  |TAMS 0x0000000712200000, 0x0000000712200000| Untracked 
| 115|0x0000000712400000, 0x0000000712400000, 0x0000000712600000|  0%| F|  |TAMS 0x0000000712400000, 0x0000000712400000| Untracked 
| 116|0x0000000712600000, 0x00000007127dd688, 0x0000000712800000| 93%| S|CS|TAMS 0x0000000712600000, 0x0000000712600000| Complete 
| 117|0x0000000712800000, 0x0000000712800000, 0x0000000712a00000|  0%| F|  |TAMS 0x0000000712800000, 0x0000000712800000| Untracked 
| 118|0x0000000712a00000, 0x0000000712a00000, 0x0000000712c00000|  0%| F|  |TAMS 0x0000000712a00000, 0x0000000712a00000| Untracked 
| 119|0x0000000712c00000, 0x0000000712c00000, 0x0000000712e00000|  0%| F|  |TAMS 0x0000000712c00000, 0x0000000712c00000| Untracked 
| 120|0x0000000712e00000, 0x0000000712e00000, 0x0000000713000000|  0%| F|  |TAMS 0x0000000712e00000, 0x0000000712e00000| Untracked 
| 121|0x0000000713000000, 0x0000000713000000, 0x0000000713200000|  0%| F|  |TAMS 0x0000000713000000, 0x0000000713000000| Untracked 
| 122|0x0000000713200000, 0x0000000713200000, 0x0000000713400000|  0%| F|  |TAMS 0x0000000713200000, 0x0000000713200000| Untracked 
| 123|0x0000000713400000, 0x0000000713400000, 0x0000000713600000|  0%| F|  |TAMS 0x0000000713400000, 0x0000000713400000| Untracked 
| 124|0x0000000713600000, 0x0000000713600000, 0x0000000713800000|  0%| F|  |TAMS 0x0000000713600000, 0x0000000713600000| Untracked 
| 125|0x0000000713800000, 0x0000000713800000, 0x0000000713a00000|  0%| F|  |TAMS 0x0000000713800000, 0x0000000713800000| Untracked 
| 126|0x0000000713a00000, 0x0000000713c00000, 0x0000000713c00000|100%| E|  |TAMS 0x0000000713a00000, 0x0000000713a00000| Complete 

Card table byte_map: [0x000001d7f7300000,0x000001d7f7af0000] _byte_map_base: 0x000001d7f3ae1000

Marking Bits (Prev, Next): (CMBitMap*) 0x000001d7eefcffc0, (CMBitMap*) 0x000001d7eefd0000
 Prev Bits: [0x000001d7f82e0000, 0x000001d7fc1e8000)
 Next Bits: [0x000001d78f000000, 0x000001d792f08000)

Polling page: 0x000001d7ecf40000

Metaspace:

Usage:
  Non-class:     11.05 MB used.
      Class:      1.49 MB used.
       Both:     12.53 MB used.

Virtual space:
  Non-class space:       16.00 MB reserved,      11.19 MB ( 70%) committed,  2 nodes.
      Class space:        1.00 GB reserved,       1.56 MB ( <1%) committed,  1 nodes.
             Both:        1.02 GB reserved,      12.75 MB (  1%) committed. 

Chunk freelists:
   Non-Class:  880.00 KB
       Class:  2.31 MB
        Both:  3.17 MB

MaxMetaspaceSize: unlimited
CompressedClassSpaceSize: 1.00 GB
Initial GC threshold: 21.00 MB
Current GC threshold: 21.00 MB
CDS: on
MetaspaceReclaimPolicy: balanced
 - commit_granule_bytes: 65536.
 - commit_granule_words: 8192.
 - virtual_space_node_default_size: 1048576.
 - enlarge_chunks_in_place: 1.
 - new_chunks_are_fully_committed: 0.
 - uncommit_free_chunks: 1.
 - use_allocation_guard: 0.
 - handle_deallocations: 1.


Internal statistics:

num_allocs_failed_limit: 0.
num_arena_births: 112.
num_arena_deaths: 0.
num_vsnodes_births: 3.
num_vsnodes_deaths: 0.
num_space_committed: 204.
num_space_uncommitted: 0.
num_chunks_returned_to_freelist: 0.
num_chunks_taken_from_freelist: 412.
num_chunk_merges: 0.
num_chunk_splits: 267.
num_chunks_enlarged: 202.
num_purges: 0.
num_inconsistent_stats: 0.

CodeHeap 'non-profiled nmethods': size=120000Kb used=695Kb max_used=695Kb free=119304Kb
 bounds [0x000001d787ad0000, 0x000001d787d40000, 0x000001d78f000000]
CodeHeap 'profiled nmethods': size=120000Kb used=3774Kb max_used=3774Kb free=116225Kb
 bounds [0x000001d780000000, 0x000001d7803b0000, 0x000001d787530000]
CodeHeap 'non-nmethods': size=5760Kb used=1237Kb max_used=1253Kb free=4522Kb
 bounds [0x000001d787530000, 0x000001d7877a0000, 0x000001d787ad0000]
 total_blobs=2574 nmethods=2045 adapters=441
 compilation: enabled
              stopped_count=0, restarted_count=0
 full_count=0

Compilation events (20 events):
Event: 12.557 Thread 0x000001d7ff831590 2035       1       java.lang.Long::longValue (5 bytes)
Event: 12.558 Thread 0x000001d7ff831590 nmethod 2035 0x000001d787b7c210 code [0x000001d787b7c3a0, 0x000001d787b7c478]
Event: 12.558 Thread 0x000001d7ff831590 2036       3       java.lang.StringBuilder::append (8 bytes)
Event: 12.559 Thread 0x000001d7ff831590 nmethod 2036 0x000001d7803ac110 code [0x000001d7803ac2c0, 0x000001d7803ac468]
Event: 12.559 Thread 0x000001d7ff831590 2037       1       com.google.common.collect.AbstractMapBasedMultimap::size (5 bytes)
Event: 12.560 Thread 0x000001d7ff831590 nmethod 2037 0x000001d787b7c510 code [0x000001d787b7c6a0, 0x000001d787b7c778]
Event: 12.560 Thread 0x000001d7ff831590 2038       1       java.net.URI::getScheme (5 bytes)
Event: 12.560 Thread 0x000001d7ff831590 nmethod 2038 0x000001d787b7c810 code [0x000001d787b7c9a0, 0x000001d787b7ca78]
Event: 12.585 Thread 0x000001d7ff831590 2040       3       java.util.Formatter$FormatSpecifier::printString (107 bytes)
Event: 12.587 Thread 0x000001d7ff831590 nmethod 2040 0x000001d7803ac590 code [0x000001d7803ac860, 0x000001d7803ad818]
Event: 12.587 Thread 0x000001d7ff831590 2041       3       java.util.Formatter$FormatSpecifier::print (62 bytes)
Event: 12.588 Thread 0x000001d7ff831590 nmethod 2041 0x000001d7803add90 code [0x000001d7803ae000, 0x000001d7803aea38]
Event: 12.588 Thread 0x000001d7ff831590 2042       3       okhttp3.Headers$Builder::addLenient (27 bytes)
Event: 12.588 Thread 0x000001d7ff831590 nmethod 2042 0x000001d7803aee10 code [0x000001d7803af000, 0x000001d7803af518]
Event: 12.620 Thread 0x000001d7ff81fd90 2043       4       java.lang.String::equalsIgnoreCase (45 bytes)
Event: 12.621 Thread 0x000001d7ff831590 2044       1       java.util.stream.IntPipeline$StatelessOp::opIsStateful (2 bytes)
Event: 12.622 Thread 0x000001d7ff831590 nmethod 2044 0x000001d787b7cf10 code [0x000001d787b7d0a0, 0x000001d787b7d178]
Event: 12.622 Thread 0x000001d7ff831590 2045       3       java.util.stream.Sink$ChainedInt::cancellationRequested (10 bytes)
Event: 12.622 Thread 0x000001d7ff831590 nmethod 2045 0x000001d7803af710 code [0x000001d7803af8c0, 0x000001d7803afaa8]
Event: 12.623 Thread 0x000001d7ff831590 2046       3       java.util.Optional::map (30 bytes)

GC Heap History (4 events):
Event: 0.899 GC heap before
{Heap before GC invocations=0 (full 0):
 garbage-first heap   total 260096K, used 22528K [0x0000000703e00000, 0x0000000800000000)
  region size 2048K, 11 young (22528K), 0 survivors (0K)
 Metaspace       used 8301K, committed 8448K, reserved 1056768K
  class space    used 911K, committed 960K, reserved 1048576K
}
Event: 0.904 GC heap after
{Heap after GC invocations=1 (full 0):
 garbage-first heap   total 260096K, used 5711K [0x0000000703e00000, 0x0000000800000000)
  region size 2048K, 2 young (4096K), 2 survivors (4096K)
 Metaspace       used 8301K, committed 8448K, reserved 1056768K
  class space    used 911K, committed 960K, reserved 1048576K
}
Event: 7.802 GC heap before
{Heap before GC invocations=1 (full 0):
 garbage-first heap   total 260096K, used 26191K [0x0000000703e00000, 0x0000000800000000)
  region size 2048K, 12 young (24576K), 2 survivors (4096K)
 Metaspace       used 12757K, committed 12928K, reserved 1064960K
  class space    used 1519K, committed 1600K, reserved 1048576K
}
Event: 7.808 GC heap after
{Heap after GC invocations=2 (full 0):
 garbage-first heap   total 260096K, used 7583K [0x0000000703e00000, 0x0000000800000000)
  region size 2048K, 1 young (2048K), 1 survivors (2048K)
 Metaspace       used 12757K, committed 12928K, reserved 1064960K
  class space    used 1519K, committed 1600K, reserved 1048576K
}

Deoptimization events (20 events):
Event: 2.555 Thread 0x000001d7eef61d40 Uncommon trap: trap_request=0xffffff45 fr.pc=0x000001d787b28684 relative=0x0000000000001064
Event: 2.555 Thread 0x000001d7eef61d40 Uncommon trap: reason=unstable_if action=reinterpret pc=0x000001d787b28684 method=java.util.concurrent.ConcurrentHashMap.putVal(Ljava/lang/Object;Ljava/lang/Object;Z)Ljava/lang/Object; @ 231 c2
Event: 2.555 Thread 0x000001d7eef61d40 DEOPT PACKING pc=0x000001d787b28684 sp=0x000000a70a4fdf40
Event: 2.555 Thread 0x000001d7eef61d40 DEOPT UNPACKING pc=0x000001d787585ba3 sp=0x000000a70a4fdeb0 mode 2
Event: 3.205 Thread 0x000001d7ffaec2f0 Uncommon trap: trap_request=0xffffff45 fr.pc=0x000001d787b25734 relative=0x0000000000000094
Event: 3.205 Thread 0x000001d7ffaec2f0 Uncommon trap: reason=unstable_if action=reinterpret pc=0x000001d787b25734 method=java.lang.CharacterDataLatin1.digit(II)I @ 7 c2
Event: 3.205 Thread 0x000001d7ffaec2f0 DEOPT PACKING pc=0x000001d787b25734 sp=0x000000a70b8fe940
Event: 3.205 Thread 0x000001d7ffaec2f0 DEOPT UNPACKING pc=0x000001d787585ba3 sp=0x000000a70b8fe8c0 mode 2
Event: 6.344 Thread 0x000001d7ffaec2f0 Uncommon trap: trap_request=0xffffff45 fr.pc=0x000001d787b6c1ec relative=0x00000000000002cc
Event: 6.344 Thread 0x000001d7ffaec2f0 Uncommon trap: reason=unstable_if action=reinterpret pc=0x000001d787b6c1ec method=java.lang.String.getChars(II[CI)V @ 23 c2
Event: 6.344 Thread 0x000001d7ffaec2f0 DEOPT PACKING pc=0x000001d787b6c1ec sp=0x000000a70b8fe940
Event: 6.344 Thread 0x000001d7ffaec2f0 DEOPT UNPACKING pc=0x000001d787585ba3 sp=0x000000a70b8fe900 mode 2
Event: 6.345 Thread 0x000001d7ffaec2f0 Uncommon trap: trap_request=0xffffff45 fr.pc=0x000001d787afa090 relative=0x00000000000004f0
Event: 6.345 Thread 0x000001d7ffaec2f0 Uncommon trap: reason=unstable_if action=reinterpret pc=0x000001d787afa090 method=java.lang.String.substring(II)Ljava/lang/String; @ 31 c2
Event: 6.345 Thread 0x000001d7ffaec2f0 DEOPT PACKING pc=0x000001d787afa090 sp=0x000000a70b8fed90
Event: 6.345 Thread 0x000001d7ffaec2f0 DEOPT UNPACKING pc=0x000001d787585ba3 sp=0x000000a70b8fed48 mode 2
Event: 6.345 Thread 0x000001d7ffaec2f0 Uncommon trap: trap_request=0xffffff45 fr.pc=0x000001d787ae0014 relative=0x0000000000000194
Event: 6.345 Thread 0x000001d7ffaec2f0 Uncommon trap: reason=unstable_if action=reinterpret pc=0x000001d787ae0014 method=java.lang.String.equals(Ljava/lang/Object;)Z @ 33 c2
Event: 6.345 Thread 0x000001d7ffaec2f0 DEOPT PACKING pc=0x000001d787ae0014 sp=0x000000a70b8fee50
Event: 6.345 Thread 0x000001d7ffaec2f0 DEOPT UNPACKING pc=0x000001d787585ba3 sp=0x000000a70b8fedf0 mode 2

Classes unloaded (0 events):
No events

Classes redefined (0 events):
No events

Internal exceptions (20 events):
Event: 1.920 Thread 0x000001d7eef61d40 Exception <a 'java/lang/ClassNotFoundException'{0x0000000712f769e0}: sun/util/logging/resources/spi/loggingProvider> (0x0000000712f769e0) 
thrown [s\open\src\hotspot\share\classfile\systemDictionary.cpp, line 256]
Event: 2.556 Thread 0x000001d7eef61d40 Exception <a 'java/net/SocketException'{0x0000000712c4f420}: Socket is not connected: shutdown> (0x0000000712c4f420) 
thrown [s\open\src\hotspot\share\prims\jni.cpp, line 535]
Event: 2.562 Thread 0x000001d79360bd60 Exception <a 'java/net/ConnectException'{0x00000007138492f0}: Connection refused: no further information> (0x00000007138492f0) 
thrown [s\open\src\hotspot\share\prims\jni.cpp, line 535]
Event: 2.562 Thread 0x000001d79360bd60 Exception <a 'java/net/SocketException'{0x0000000713849628}: Socket is not connected: shutdown> (0x0000000713849628) 
thrown [s\open\src\hotspot\share\prims\jni.cpp, line 535]
Event: 2.585 Thread 0x000001d79360bd60 Exception <a 'java/net/ConnectException'{0x000000071384a5f0}: Connection refused: no further information> (0x000000071384a5f0) 
thrown [s\open\src\hotspot\share\prims\jni.cpp, line 535]
Event: 2.585 Thread 0x000001d79360bd60 Exception <a 'java/net/SocketException'{0x000000071384a928}: Socket is not connected: shutdown> (0x000000071384a928) 
thrown [s\open\src\hotspot\share\prims\jni.cpp, line 535]
Event: 3.805 Thread 0x000001d7eef61d40 Exception <a 'java/net/SocketException'{0x0000000712de9a68}: Socket is not connected: shutdown> (0x0000000712de9a68) 
thrown [s\open\src\hotspot\share\prims\jni.cpp, line 535]
Event: 3.810 Thread 0x000001d79360bd60 Exception <a 'java/net/ConnectException'{0x0000000713857e08}: Connection refused: no further information> (0x0000000713857e08) 
thrown [s\open\src\hotspot\share\prims\jni.cpp, line 535]
Event: 3.810 Thread 0x000001d79360bd60 Exception <a 'java/net/SocketException'{0x0000000713858140}: Socket is not connected: shutdown> (0x0000000713858140) 
thrown [s\open\src\hotspot\share\prims\jni.cpp, line 535]
Event: 3.823 Thread 0x000001d79360bd60 Exception <a 'java/net/ConnectException'{0x0000000713859188}: Connection refused: no further information> (0x0000000713859188) 
thrown [s\open\src\hotspot\share\prims\jni.cpp, line 535]
Event: 3.823 Thread 0x000001d79360bd60 Exception <a 'java/net/SocketException'{0x0000000712ae6940}: Socket is not connected: shutdown> (0x0000000712ae6940) 
thrown [s\open\src\hotspot\share\prims\jni.cpp, line 535]
Event: 3.846 Thread 0x000001d79360bd60 Exception <a 'java/net/ConnectException'{0x0000000712ae7988}: Connection refused: no further information> (0x0000000712ae7988) 
thrown [s\open\src\hotspot\share\prims\jni.cpp, line 535]
Event: 3.846 Thread 0x000001d79360bd60 Exception <a 'java/net/SocketException'{0x0000000712ae7cc0}: Socket is not connected: shutdown> (0x0000000712ae7cc0) 
thrown [s\open\src\hotspot\share\prims\jni.cpp, line 535]
Event: 5.121 Thread 0x000001d7eef61d40 Exception <a 'java/net/SocketException'{0x0000000712bb0b70}: Socket is not connected: shutdown> (0x0000000712bb0b70) 
thrown [s\open\src\hotspot\share\prims\jni.cpp, line 535]
Event: 5.130 Thread 0x000001d79360bd60 Exception <a 'java/net/ConnectException'{0x0000000712af5280}: Connection refused: no further information> (0x0000000712af5280) 
thrown [s\open\src\hotspot\share\prims\jni.cpp, line 535]
Event: 5.130 Thread 0x000001d79360bd60 Exception <a 'java/net/SocketException'{0x0000000712af55b8}: Socket is not connected: shutdown> (0x0000000712af55b8) 
thrown [s\open\src\hotspot\share\prims\jni.cpp, line 535]
Event: 5.142 Thread 0x000001d79360bd60 Exception <a 'java/net/ConnectException'{0x0000000712af6600}: Connection refused: no further information> (0x0000000712af6600) 
thrown [s\open\src\hotspot\share\prims\jni.cpp, line 535]
Event: 5.142 Thread 0x000001d79360bd60 Exception <a 'java/net/SocketException'{0x0000000712af6938}: Socket is not connected: shutdown> (0x0000000712af6938) 
thrown [s\open\src\hotspot\share\prims\jni.cpp, line 535]
Event: 5.163 Thread 0x000001d79360bd60 Exception <a 'java/net/ConnectException'{0x0000000712af7980}: Connection refused: no further information> (0x0000000712af7980) 
thrown [s\open\src\hotspot\share\prims\jni.cpp, line 535]
Event: 5.163 Thread 0x000001d79360bd60 Exception <a 'java/net/SocketException'{0x0000000712af7cb8}: Socket is not connected: shutdown> (0x0000000712af7cb8) 
thrown [s\open\src\hotspot\share\prims\jni.cpp, line 535]

VM Operations (20 events):
Event: 1.051 Executing VM operation: HandshakeAllThreads
Event: 1.051 Executing VM operation: HandshakeAllThreads done
Event: 1.134 Executing VM operation: HandshakeAllThreads
Event: 1.134 Executing VM operation: HandshakeAllThreads done
Event: 2.131 Executing VM operation: Cleanup
Event: 2.131 Executing VM operation: Cleanup done
Event: 3.143 Executing VM operation: Cleanup
Event: 3.143 Executing VM operation: Cleanup done
Event: 4.155 Executing VM operation: Cleanup
Event: 4.155 Executing VM operation: Cleanup done
Event: 5.156 Executing VM operation: Cleanup
Event: 5.156 Executing VM operation: Cleanup done
Event: 6.156 Executing VM operation: Cleanup
Event: 6.156 Executing VM operation: Cleanup done
Event: 7.157 Executing VM operation: Cleanup
Event: 7.157 Executing VM operation: Cleanup done
Event: 7.802 Executing VM operation: G1CollectForAllocation
Event: 7.808 Executing VM operation: G1CollectForAllocation done
Event: 8.808 Executing VM operation: Cleanup
Event: 8.808 Executing VM operation: Cleanup done

Events (20 events):
Event: 2.567 Thread 0x000001d7939008e0 Thread added: 0x000001d7939008e0
Event: 3.810 Thread 0x000001d7938ffa70 Thread added: 0x000001d7938ffa70
Event: 3.816 Thread 0x000001d7938ff5a0 Thread added: 0x000001d7938ff5a0
Event: 3.816 Thread 0x000001d7938ff0d0 Thread added: 0x000001d7938ff0d0
Event: 3.891 loading class jdk/internal/access/foreign/MemorySegmentProxy
Event: 3.891 loading class jdk/internal/access/foreign/MemorySegmentProxy done
Event: 5.129 Thread 0x000001d793900db0 Thread added: 0x000001d793900db0
Event: 5.138 Thread 0x000001d793901280 Thread added: 0x000001d793901280
Event: 5.138 Thread 0x000001d7938fff40 Thread added: 0x000001d7938fff40
Event: 6.061 Thread 0x000001d7938fd8c0 Thread exited: 0x000001d7938fd8c0
Event: 6.367 loading class java/lang/Throwable$WrappedPrintWriter
Event: 6.367 loading class java/lang/Throwable$WrappedPrintWriter done
Event: 6.367 loading class java/lang/StackTraceElement$HashedModules
Event: 6.368 loading class java/lang/StackTraceElement$HashedModules done
Event: 7.799 loading class java/io/UnsupportedEncodingException
Event: 7.800 loading class java/io/UnsupportedEncodingException done
Event: 7.800 loading class java/net/URLEncoder
Event: 7.800 loading class java/net/URLEncoder done
Event: 7.800 loading class java/util/BitSet
Event: 7.800 loading class java/util/BitSet done


Dynamic libraries:
0x00007ff669d70000 - 0x00007ff669d80000 	C:\Program Files\Java\jdk-17\bin\java.exe
0x00007ffd03050000 - 0x00007ffd03264000 	C:\Windows\SYSTEM32\ntdll.dll
0x00007ffd027c0000 - 0x00007ffd02882000 	C:\Windows\System32\KERNEL32.DLL
0x00007ffd006a0000 - 0x00007ffd00a43000 	C:\Windows\System32\KERNELBASE.dll
0x00007ffd00b90000 - 0x00007ffd00ca1000 	C:\Windows\System32\ucrtbase.dll
0x00007ffcd6ea0000 - 0x00007ffcd6eb8000 	C:\Program Files\Java\jdk-17\bin\jli.dll
0x00007ffcd6ec0000 - 0x00007ffcd6edb000 	C:\Program Files\Java\jdk-17\bin\VCRUNTIME140.dll
0x00007ffd01cb0000 - 0x00007ffd01d5e000 	C:\Windows\System32\ADVAPI32.dll
0x00007ffd02a10000 - 0x00007ffd02ab7000 	C:\Windows\System32\msvcrt.dll
0x00007ffd02e40000 - 0x00007ffd02ee4000 	C:\Windows\System32\sechost.dll
0x00007ffd01f20000 - 0x00007ffd02037000 	C:\Windows\System32\RPCRT4.dll
0x00007ffd02190000 - 0x00007ffd0233b000 	C:\Windows\System32\USER32.dll
0x00007ffd00a50000 - 0x00007ffd00a76000 	C:\Windows\System32\win32u.dll
0x00007ffce02a0000 - 0x00007ffce052e000 	C:\Windows\WinSxS\amd64_microsoft.windows.common-controls_6595b64144ccf1df_6.0.22621.1635_none_270f70857386168e\COMCTL32.dll
0x00007ffd029e0000 - 0x00007ffd02a09000 	C:\Windows\System32\GDI32.dll
0x00007ffd00d30000 - 0x00007ffd00e48000 	C:\Windows\System32\gdi32full.dll
0x00007ffd00a80000 - 0x00007ffd00b1a000 	C:\Windows\System32\msvcp_win.dll
0x00007ffcf93e0000 - 0x00007ffcf93ea000 	C:\Windows\SYSTEM32\VERSION.dll
0x00007ffd029a0000 - 0x00007ffd029d1000 	C:\Windows\System32\IMM32.DLL
0x00007ffcd6b90000 - 0x00007ffcd6b9c000 	C:\Program Files\Java\jdk-17\bin\vcruntime140_1.dll
0x00007ffcd6b00000 - 0x00007ffcd6b8e000 	C:\Program Files\Java\jdk-17\bin\msvcp140.dll
0x00007ffcd5f20000 - 0x00007ffcd6af7000 	C:\Program Files\Java\jdk-17\bin\server\jvm.dll
0x00007ffd02990000 - 0x00007ffd02998000 	C:\Windows\System32\PSAPI.DLL
0x00007ffce3af0000 - 0x00007ffce3af9000 	C:\Windows\SYSTEM32\WSOCK32.dll
0x00007ffd02b20000 - 0x00007ffd02b91000 	C:\Windows\System32\WS2_32.dll
0x00007ffcf72e0000 - 0x00007ffcf7314000 	C:\Windows\SYSTEM32\WINMM.dll
0x00007ffcff470000 - 0x00007ffcff488000 	C:\Windows\SYSTEM32\kernel.appcore.dll
0x00007ffcd5940000 - 0x00007ffcd594a000 	C:\Program Files\Java\jdk-17\bin\jimage.dll
0x00007ffcfe040000 - 0x00007ffcfe26e000 	C:\Windows\SYSTEM32\DBGHELP.DLL
0x00007ffd01070000 - 0x00007ffd013f9000 	C:\Windows\System32\combase.dll
0x00007ffd00f00000 - 0x00007ffd00fd7000 	C:\Windows\System32\OLEAUT32.dll
0x00007ffcf56b0000 - 0x00007ffcf56e2000 	C:\Windows\SYSTEM32\dbgcore.DLL
0x00007ffd00cb0000 - 0x00007ffd00d2b000 	C:\Windows\System32\bcryptPrimitives.dll
0x00007ffcd5570000 - 0x00007ffcd5595000 	C:\Program Files\Java\jdk-17\bin\java.dll
0x00007ffcd4e00000 - 0x00007ffcd4ed7000 	C:\Program Files\Java\jdk-17\bin\jsvml.dll
0x00007ffd01470000 - 0x00007ffd01c6a000 	C:\Windows\System32\SHELL32.dll
0x00007ffcfe400000 - 0x00007ffcfecce000 	C:\Windows\SYSTEM32\windows.storage.dll
0x00007ffcfe2c0000 - 0x00007ffcfe3fe000 	C:\Windows\SYSTEM32\wintypes.dll
0x00007ffd02040000 - 0x00007ffd02131000 	C:\Windows\System32\SHCORE.dll
0x00007ffd01400000 - 0x00007ffd0145e000 	C:\Windows\System32\shlwapi.dll
0x00007ffd003a0000 - 0x00007ffd003c1000 	C:\Windows\SYSTEM32\profapi.dll
0x00007ffcd3680000 - 0x00007ffcd3699000 	C:\Program Files\Java\jdk-17\bin\net.dll
0x00007ffcf7890000 - 0x00007ffcf79c7000 	C:\Windows\SYSTEM32\WINHTTP.dll
0x00007ffcff910000 - 0x00007ffcff979000 	C:\Windows\system32\mswsock.dll
0x00007ffcd3660000 - 0x00007ffcd3676000 	C:\Program Files\Java\jdk-17\bin\nio.dll
0x00007ffcd37b0000 - 0x00007ffcd37c8000 	C:\Program Files\Java\jdk-17\bin\zip.dll
0x00007ffce0540000 - 0x00007ffce054a000 	C:\Program Files\Java\jdk-17\bin\management.dll
0x00007ffce0530000 - 0x00007ffce053b000 	C:\Program Files\Java\jdk-17\bin\management_ext.dll
0x00007ffce0fa0000 - 0x00007ffce0fb0000 	C:\Program Files\Java\jdk-17\bin\verify.dll
0x00007ffcffb70000 - 0x00007ffcffb8b000 	C:\Windows\SYSTEM32\CRYPTSP.dll
0x00007ffcff3e0000 - 0x00007ffcff415000 	C:\Windows\system32\rsaenh.dll
0x00007ffcffa10000 - 0x00007ffcffa38000 	C:\Windows\SYSTEM32\USERENV.dll
0x00007ffcffd30000 - 0x00007ffcffd58000 	C:\Windows\SYSTEM32\bcrypt.dll
0x00007ffcffd20000 - 0x00007ffcffd2c000 	C:\Windows\SYSTEM32\CRYPTBASE.dll
0x00007ffcfef70000 - 0x00007ffcfef9d000 	C:\Windows\SYSTEM32\IPHLPAPI.DLL
0x00007ffd01c70000 - 0x00007ffd01c79000 	C:\Windows\System32\NSI.dll
0x00007ffcf7be0000 - 0x00007ffcf7bf9000 	C:\Windows\SYSTEM32\dhcpcsvc6.DLL
0x00007ffcf7650000 - 0x00007ffcf766f000 	C:\Windows\SYSTEM32\dhcpcsvc.DLL
0x00007ffcfefa0000 - 0x00007ffcff093000 	C:\Windows\SYSTEM32\DNSAPI.dll
0x00007ffcedd60000 - 0x00007ffcedd6a000 	C:\Windows\System32\rasadhlp.dll
0x00007ffcf5b30000 - 0x00007ffcf5bb4000 	C:\Windows\System32\fwpuclnt.dll
0x00007ffce07a0000 - 0x00007ffce07ad000 	C:\Program Files\Java\jdk-17\bin\sunmscapi.dll
0x00007ffd00530000 - 0x00007ffd00697000 	C:\Windows\System32\CRYPT32.dll
0x00007ffcffcd0000 - 0x00007ffcffcfe000 	C:\Windows\SYSTEM32\ncrypt.dll
0x00007ffcffc90000 - 0x00007ffcffcc7000 	C:\Windows\SYSTEM32\NTASN1.dll

dbghelp: loaded successfully - version: 4.0.5 - missing functions: none
symbol engine: initialized successfully - sym options: 0x614 - pdb path: .;C:\Program Files\Java\jdk-17\bin;C:\Windows\SYSTEM32;C:\Windows\WinSxS\amd64_microsoft.windows.common-controls_6595b64144ccf1df_6.0.22621.1635_none_270f70857386168e;C:\Program Files\Java\jdk-17\bin\server

VM Arguments:
java_command: C:\Users\vinac\AppData\Local\Temp\surefire14686775076750278616\surefirebooter15088200144972480083.jar C:\Users\vinac\AppData\Local\Temp\surefire14686775076750278616 2023-05-15T19-43-41_650-jvmRun1 surefire5318384312143247788tmp surefire_05997049934831511842tmp
java_class_path (initial): C:\Users\vinac\AppData\Local\Temp\surefire14686775076750278616\surefirebooter15088200144972480083.jar
Launcher Type: SUN_STANDARD

[Global flags]
     intx CICompilerCount                          = 4                                         {product} {ergonomic}
     uint ConcGCThreads                            = 2                                         {product} {ergonomic}
     uint G1ConcRefinementThreads                  = 8                                         {product} {ergonomic}
   size_t G1HeapRegionSize                         = 2097152                                   {product} {ergonomic}
    uintx GCDrainStackTargetSize                   = 64                                        {product} {ergonomic}
   size_t InitialHeapSize                          = 266338304                                 {product} {ergonomic}
   size_t MarkStackSize                            = 4194304                                   {product} {ergonomic}
   size_t MaxHeapSize                              = 4229955584                                {product} {ergonomic}
   size_t MaxNewSize                               = 2537553920                                {product} {ergonomic}
   size_t MinHeapDeltaBytes                        = 2097152                                   {product} {ergonomic}
   size_t MinHeapSize                              = 8388608                                   {product} {ergonomic}
    uintx NonNMethodCodeHeapSize                   = 5839372                                {pd product} {ergonomic}
    uintx NonProfiledCodeHeapSize                  = 122909434                              {pd product} {ergonomic}
    uintx ProfiledCodeHeapSize                     = 122909434                              {pd product} {ergonomic}
    uintx ReservedCodeCacheSize                    = 251658240                              {pd product} {ergonomic}
     bool SegmentedCodeCache                       = true                                      {product} {ergonomic}
   size_t SoftMaxHeapSize                          = 4229955584                             {manageable} {ergonomic}
     bool UseCompressedClassPointers               = true                           {product lp64_product} {ergonomic}
     bool UseCompressedOops                        = true                           {product lp64_product} {ergonomic}
     bool UseG1GC                                  = true                                      {product} {ergonomic}
     bool UseLargePagesIndividualAllocation        = false                                  {pd product} {ergonomic}

Logging:
Log output configuration:
 #0: stdout all=warning uptime,level,tags
 #1: stderr all=off uptime,level,tags

Environment Variables:
PATH=H:\dev/bin;C:\Program Files\Common Files\Oracle\Java\javapath;C:\Program Files\Microsoft MPI\Bin\;C:\Program Files (x86)\Common Files\Oracle\Java\javapath;C:\ProgramData\Oracle\Java\javapath;C:\Program Files (x86)\Common Files\Intel\Shared Libraries\redist\intel64\compiler;C:\Windows\system32;C:\Windows;C:\Windows\System32\Wbem;C:\Windows\System32\WindowsPowerShell\v1.0\;C:\Windows\System32\OpenSSH\;H:\serviciosjava\mysql\ bin;C:\Program Files\MiKTeX\miktex\bin\x64\;C:\Program Files\Microsoft SQL Server\150\Tools\Binn\;C:\Program Files\Microsoft SQL Server\Client SDK\ODBC\170\Tools\Binn\;C:\Program Files\dotnet\;C:\Program Files (x86)\Microsoft SQL Server\160\Tools\Binn\;C:\Program Files\Microsoft SQL Server\160\Tools\Binn\;C:\Program Files\Microsoft SQL Server\160\DTS\Binn\;C:\Program Files (x86)\Microsoft SQL Server\160\DTS\Binn\;C:\Users\vinac\AppData\Roaming\nvm;C:\Program Files\nodejs;H:\multiplataforma_nativa\node-v16.6.1-win-x64\node_modules\npm;C:\Gradle\Gradle-7.6\bin;C:\Users\vinac\AppData\Local\Android\Sdk;H:\dev\bin;C:\Program Files\Git\cmd;C:\ADB\;C:\Program Files\Microsoft SQL Server\130\Tools\Binn\;C:\wamp64\bin\php\php7.4.33;C:\ProgramData\ComposerSetup\bin;C:\Program Files\PuTTY\;C:\Program Files\MySQL\MySQL Shell 8.0\bin\;C:\Users\vinac\AppData\Local\Microsoft\WindowsApps;C:\Users\vinac\.dotnet\tools;C:\Users\vinac\AppData\Roaming\npm;J:\Microsoft VS Code\bin;C:\Program Files\Azure Data Studio\bin;H:\multiplataforma_nativa\node-v16.6.1-win-x64;C:\Users\vinac\AppData\Roaming\Composer\vendor\bin;F:\phpsstorm\PhpStorm 2019.1.3\bin
USERNAME=vinac
OS=Windows_NT
PROCESSOR_IDENTIFIER=Intel64 Family 6 Model 126 Stepping 5, GenuineIntel



---------------  S Y S T E M  ---------------

OS:
 Windows 11 , 64 bit Build 22621 (10.0.22621.1635)
OS uptime: 1 days 2:07 hours
Hyper-V role detected

CPU: total 8 (initial active 8) (4 cores per cpu, 2 threads per core) family 6 model 126 stepping 5 microcode 0x86, cx8, cmov, fxsr, ht, mmx, 3dnowpref, sse, sse2, sse3, ssse3, sse4.1, sse4.2, popcnt, lzcnt, tsc, tscinvbit, avx, avx2, aes, erms, clmul, bmi1, bmi2, adx, avx512f, avx512dq, avx512cd, avx512bw, avx512vl, sha, fma, vzeroupper, avx512_vpopcntdq, avx512_vpclmulqdq, avx512_vaes, avx512_vnni, clflush, clflushopt, avx512_vbmi2, avx512_vbmi, hv

Memory: 4k page, system-wide physical 16130M (4620M free)
TotalPageFile size 20839M (AvailPageFile size 2M)
current process WorkingSet (physical memory assigned to process): 95M, peak: 96M
current process commit charge ("private bytes"): 365M, peak: 371M

vm_info: Java HotSpot(TM) 64-Bit Server VM (17.0.6+9-LTS-190) for windows-amd64 JRE (17.0.6+9-LTS-190), built on Dec  6 2022 15:53:54 by "mach5one" with MS VC++ 17.1 (VS2022)

END.
